#
# A fatal error has been detected by the Java Runtime Environment:
#
#  SIGBUS (0xa) at pc=0x000000010d6a2e92, pid=13306, tid=0x0000000000006803
#
# JRE version: Java(TM) SE Runtime Environment (8.0_101-b13) (build 1.8.0_101-b13)
# Java VM: Java HotSpot(TM) 64-Bit Server VM (25.101-b13 mixed mode bsd-amd64 compressed oops)
# Problematic frame:
# C  [libzip.dylib+0x2e92]  newEntry+0x154
#
# Failed to write core dump. Core dumps have been disabled. To enable core dumping, try "ulimit -c unlimited" before starting Java again
#
# If you would like to submit a bug report, please visit:
#   http://bugreport.java.com/bugreport/crash.jsp
# The crash happened outside the Java Virtual Machine in native code.
# See problematic frame for where to report the bug.
#

---------------  T H R E A D  ---------------

Current thread (0x00007f90c6187800):  JavaThread "Thread-13" [_thread_in_native, id=26627, stack(0x0000700005287000,0x0000700005387000)]

siginfo: si_signo: 10 (SIGBUS), si_code: 2 (BUS_ADRERR), si_addr: 0x000000012ad6579b

Registers:
RAX=0x00007f90c2606400, RBX=0x000000012ad6578f, RCX=0x0000000000000001, RDX=0x0000000010000000
RSP=0x00007000053844d0, RBP=0x0000700005384530, RSI=0x00000000f0ffffff, RDI=0x0000000000000cb7
R8 =0x000000000c4acb7c, R9 =0x0000000000000004, R10=0x00000000f0000000, R11=0x00007f90c4a00000
R12=0x000000012aee6000, R13=0x0000000000017e20, R14=0x000000009ac6435b, R15=0x00007f90c27c1350
RIP=0x000000010d6a2e92, EFLAGS=0x0000000000010202, ERR=0x0000000000000004
  TRAPNO=0x000000000000000e

Top of Stack: (sp=0x00007000053844d0)
0x00007000053844d0:   000000002cb6fc20 000000002d362820
0x00007000053844e0:   0000000000000000 0000000000000000
0x00007000053844f0:   0000700005384510 00007f90c2606400
0x0000700005384500:   00007f90c4acb770 00007f90c2606400
0x0000700005384510:   000000012aee6000 0000000000017e20
0x0000700005384520:   000000009ac6435b 00007f90c27c1350
0x0000700005384530:   0000700005384590 000000010d6a352d
0x0000700005384540:   00007000053845da 00007000053845d9
0x0000700005384550:   0000002a00000000 0000002b01187800
0x0000700005384560:   00007000053845ae 00007000053849f8
0x0000700005384570:   000000000000002b 00007000053845ae
0x0000700005384580:   00007f90c2606400 00007f90c61879f8
0x0000700005384590:   00007000053849e0 000000010d6a2238
0x00007000053845a0:   0000000000000000 726f000000000001
0x00007000053845b0:   7370696c63652f67 2f797474656a2f65
0x00007000053845c0:   7475462f6c697475 626c6c6143657275
0x00007000053845d0:   73616c632e6b6361 000000002c000073
0x00007000053845e0:   000000002cb40b20 0000000000000000
0x00007000053845f0:   0000000000000000 0000000000000000
0x0000700005384600:   0000000000000000 0000000000000000
0x0000700005384610:   0000000000000000 0000000000000000
0x0000700005384620:   0000000000000000 0000000000000000
0x0000700005384630:   0000000000000000 0000000000000000
0x0000700005384640:   0000000000000000 0000000000000000
0x0000700005384650:   000000002d3627c0 0000000000000000
0x0000700005384660:   000000002c8eff70 0000000000000000
0x0000700005384670:   0000000000000000 0000000000000000
0x0000700005384680:   0000000000000000 0000000000000000
0x0000700005384690:   0000000000000000 0000000000000000
0x00007000053846a0:   0000000000000000 0000000000000000
0x00007000053846b0:   0000700005384700 00007fff6a8fcaa7
0x00007000053846c0:   0000700005384810 000000002cb40c20 

Instructions: (pc=0x000000010d6a2e92)
0x000000010d6a2e72:   49 8b 7f 38 e8 5b 1b 00 00 4d 89 77 38 49 89 5f
0x000000010d6a2e82:   40 4c 89 f0 48 85 c0 0f 84 11 05 00 00 48 89 c3
0x000000010d6a2e92:   0f b6 43 0c 0f b6 4b 0d 48 c1 e1 08 48 01 c1 0f
0x000000010d6a2ea2:   b6 43 0e 0f b6 53 0f 48 c1 e2 08 48 01 c2 48 c1 

Register to memory mapping:

RAX=0x00007f90c2606400 is an unknown value
RBX=0x000000012ad6578f is an unknown value
RCX=0x0000000000000001 is an unknown value
RDX=0x0000000010000000 is an unknown value
RSP=0x00007000053844d0 is pointing into the stack for thread: 0x00007f90c6187800
RBP=0x0000700005384530 is pointing into the stack for thread: 0x00007f90c6187800
RSI=0x00000000f0ffffff is an unknown value
RDI=0x0000000000000cb7 is an unknown value
R8 =0x000000000c4acb7c is an unknown value
R9 =0x0000000000000004 is an unknown value
R10=0x00000000f0000000 is an unknown value
R11=0x00007f90c4a00000 is an unknown value
R12=0x000000012aee6000 is an unknown value
R13=0x0000000000017e20 is an unknown value
R14=0x000000009ac6435b is an unknown value
R15=0x00007f90c27c1350 is an unknown value


Stack: [0x0000700005287000,0x0000700005387000],  sp=0x00007000053844d0,  free space=1013k
Native frames: (J=compiled Java code, j=interpreted, Vv=VM code, C=native code)
C  [libzip.dylib+0x2e92]  newEntry+0x154
C  [libzip.dylib+0x352d]  ZIP_GetEntry2+0xd4
C  [libzip.dylib+0x2238]  Java_java_util_zip_ZipFile_getEntry+0xcf
J 182  java.util.zip.ZipFile.getEntry(J[BZ)J (0 bytes) @ 0x0000000118e5ec4e [0x0000000118e5eb80+0xce]
J 1774 C2 sun.misc.URLClassPath$JarLoader.getResource(Ljava/lang/String;Z)Lsun/misc/Resource; (85 bytes) @ 0x000000011927ad08 [0x000000011927a7c0+0x548]
J 1746 C2 java.net.URLClassLoader$1.run()Ljava/lang/Object; (5 bytes) @ 0x0000000119306c5c [0x00000001193066a0+0x5bc]
v  ~StubRoutines::call_stub
V  [libjvm.dylib+0x2ecf06]
V  [libjvm.dylib+0x34d69c]
J 210  java.security.AccessController.doPrivileged(Ljava/security/PrivilegedExceptionAction;Ljava/security/AccessControlContext;)Ljava/lang/Object; (0 bytes) @ 0x0000000118e6ae95 [0x0000000118e6adc0+0xd5]
J 1737 C2 java.net.URLClassLoader.findClass(Ljava/lang/String;)Ljava/lang/Class; (47 bytes) @ 0x00000001192494fc [0x0000000119249460+0x9c]
J 1672 C2 java.lang.ClassLoader.loadClass(Ljava/lang/String;Z)Ljava/lang/Class; (122 bytes) @ 0x000000011923c258 [0x000000011923b800+0xa58]
J 201 C1 sun.misc.Launcher$AppClassLoader.loadClass(Ljava/lang/String;Z)Ljava/lang/Class; (85 bytes) @ 0x0000000118e647a4 [0x0000000118e63e00+0x9a4]
J 200 C1 java.lang.ClassLoader.loadClass(Ljava/lang/String;)Ljava/lang/Class; (7 bytes) @ 0x0000000118e65304 [0x0000000118e65200+0x104]
v  ~StubRoutines::call_stub
V  [libjvm.dylib+0x2ecf06]
V  [libjvm.dylib+0x2ed694]
V  [libjvm.dylib+0x2ed7ec]
V  [libjvm.dylib+0x53a818]
V  [libjvm.dylib+0x539fb1]
V  [libjvm.dylib+0x53aa34]
V  [libjvm.dylib+0x53b0e7]
V  [libjvm.dylib+0x1e2582]
V  [libjvm.dylib+0x1f29ae]
V  [libjvm.dylib+0x2e8943]
j  org.eclipse.jetty.server.AbstractConnector.shutdown()Ljava/util/concurrent/Future;+0
j  org.eclipse.jetty.server.AbstractNetworkConnector.shutdown()Ljava/util/concurrent/Future;+5
j  org.eclipse.jetty.server.ServerConnector.shutdown()Ljava/util/concurrent/Future;+1
j  org.eclipse.jetty.server.Server.doStop()V+89
j  org.eclipse.jetty.util.component.AbstractLifeCycle.stop()V+30
j  org.eclipse.jetty.util.thread.ShutdownThread.run()V+41
v  ~StubRoutines::call_stub
V  [libjvm.dylib+0x2ecf06]
V  [libjvm.dylib+0x2ed694]
V  [libjvm.dylib+0x2ed840]
V  [libjvm.dylib+0x348029]
V  [libjvm.dylib+0x5695ab]
V  [libjvm.dylib+0x56ac98]
V  [libjvm.dylib+0x48933a]
C  [libsystem_pthread.dylib+0x36c1]  _pthread_body+0x154
C  [libsystem_pthread.dylib+0x356d]  _pthread_body+0x0
C  [libsystem_pthread.dylib+0x2c5d]  thread_start+0xd
C  0x0000000000000000

Java frames: (J=compiled Java code, j=interpreted, Vv=VM code)
J 182  java.util.zip.ZipFile.getEntry(J[BZ)J (0 bytes) @ 0x0000000118e5ebd8 [0x0000000118e5eb80+0x58]
J 1774 C2 sun.misc.URLClassPath$JarLoader.getResource(Ljava/lang/String;Z)Lsun/misc/Resource; (85 bytes) @ 0x000000011927ad08 [0x000000011927a7c0+0x548]
J 1746 C2 java.net.URLClassLoader$1.run()Ljava/lang/Object; (5 bytes) @ 0x0000000119306c5c [0x00000001193066a0+0x5bc]
v  ~StubRoutines::call_stub
J 210  java.security.AccessController.doPrivileged(Ljava/security/PrivilegedExceptionAction;Ljava/security/AccessControlContext;)Ljava/lang/Object; (0 bytes) @ 0x0000000118e6ae23 [0x0000000118e6adc0+0x63]
J 1737 C2 java.net.URLClassLoader.findClass(Ljava/lang/String;)Ljava/lang/Class; (47 bytes) @ 0x00000001192494fc [0x0000000119249460+0x9c]
J 1672 C2 java.lang.ClassLoader.loadClass(Ljava/lang/String;Z)Ljava/lang/Class; (122 bytes) @ 0x000000011923c258 [0x000000011923b800+0xa58]
J 201 C1 sun.misc.Launcher$AppClassLoader.loadClass(Ljava/lang/String;Z)Ljava/lang/Class; (85 bytes) @ 0x0000000118e647a4 [0x0000000118e63e00+0x9a4]
J 200 C1 java.lang.ClassLoader.loadClass(Ljava/lang/String;)Ljava/lang/Class; (7 bytes) @ 0x0000000118e65304 [0x0000000118e65200+0x104]
v  ~StubRoutines::call_stub
j  org.eclipse.jetty.server.AbstractConnector.shutdown()Ljava/util/concurrent/Future;+0
j  org.eclipse.jetty.server.AbstractNetworkConnector.shutdown()Ljava/util/concurrent/Future;+5
j  org.eclipse.jetty.server.ServerConnector.shutdown()Ljava/util/concurrent/Future;+1
j  org.eclipse.jetty.server.Server.doStop()V+89
j  org.eclipse.jetty.util.component.AbstractLifeCycle.stop()V+30
j  org.eclipse.jetty.util.thread.ShutdownThread.run()V+41
v  ~StubRoutines::call_stub

---------------  P R O C E S S  ---------------

Java Threads: ( => current thread )
=>0x00007f90c6187800 JavaThread "Thread-13" [_thread_in_native, id=26627, stack(0x0000700005287000,0x0000700005387000)]
  0x00007f90c55a3000 JavaThread "SIGINT handler" daemon [_thread_blocked, id=3855, stack(0x0000700005184000,0x0000700005284000)]
  0x00007f90c6185800 JavaThread "dw-admin-38" [_thread_blocked, id=25875, stack(0x0000700004e7b000,0x0000700004f7b000)]
  0x00007f90c5812000 JavaThread "Scheduler-464994546" [_thread_blocked, id=3083, stack(0x0000700005081000,0x0000700005181000)]
  0x00007f90c3bdd800 JavaThread "DestroyJavaVM" [_thread_blocked, id=9731, stack(0x0000700002f1e000,0x000070000301e000)]
  0x00007f90c3b78000 JavaThread "dw-admin-29-acceptor-0@20ca1cf8-admin@526b2f3e{HTTP/1.1,[http/1.1]}{0.0.0.0:8081}" [_thread_in_native, id=26115, stack(0x0000700004f7e000,0x000070000507e000)]
  0x00007f90c3328800 JavaThread "dw-admin-27" [_thread_in_native, id=41219, stack(0x0000700004d78000,0x0000700004e78000)]
  0x00007f90c2ff7000 JavaThread "metrics-graphite-reporter-1-thread-1" daemon [_thread_blocked, id=25347, stack(0x0000700004c75000,0x0000700004d75000)]
  0x00007f90c2b6e800 JavaThread "dw-24" [_thread_blocked, id=41731, stack(0x0000700004b72000,0x0000700004c72000)]
  0x00007f90c2c73000 JavaThread "dw-23" [_thread_blocked, id=24579, stack(0x0000700004a6f000,0x0000700004b6f000)]
  0x00007f90c3327800 JavaThread "dw-22" [_thread_blocked, id=24067, stack(0x000070000496c000,0x0000700004a6c000)]
  0x00007f90c355b000 JavaThread "dw-21" [_thread_in_native, id=23555, stack(0x0000700004869000,0x0000700004969000)]
  0x00007f90c3637000 JavaThread "dw-20" [_thread_blocked, id=41987, stack(0x0000700004766000,0x0000700004866000)]
  0x00007f90c3dac000 JavaThread "dw-19" [_thread_blocked, id=42499, stack(0x0000700004663000,0x0000700004763000)]
  0x00007f90c2c72000 JavaThread "dw-18" [_thread_blocked, id=22787, stack(0x0000700004560000,0x0000700004660000)]
  0x00007f90c3db8800 JavaThread "dw-17" [_thread_blocked, id=22531, stack(0x000070000445d000,0x000070000455d000)]
  0x00007f90c3496800 JavaThread "AsyncAppender-Worker-async-console-appender" daemon [_thread_blocked, id=43267, stack(0x000070000435a000,0x000070000445a000)]
  0x00007f90c3bad000 JavaThread "metrics-graphite-reporter-2-thread-1" daemon [_thread_blocked, id=22019, stack(0x0000700004257000,0x0000700004357000)]
  0x00007f90c325d800 JavaThread "Abandoned connection cleanup thread" daemon [_thread_blocked, id=16643, stack(0x0000700004154000,0x0000700004254000)]
  0x00007f90c2a98800 JavaThread "Timer-0" daemon [_thread_blocked, id=16899, stack(0x0000700004051000,0x0000700004151000)]
  0x00007f90c2ba6000 JavaThread "jaeger.RemoteReporter-FlushTimer" daemon [_thread_blocked, id=15875, stack(0x0000700003f4e000,0x000070000404e000)]
  0x00007f90c2ca3800 JavaThread "jaeger.RemoteReporter-QueueProcessor" daemon [_thread_blocked, id=17411, stack(0x0000700003e4b000,0x0000700003f4b000)]
  0x00007f90c2abd000 JavaThread "AsyncAppender-Worker-async-console-appender" daemon [_thread_blocked, id=17923, stack(0x0000700003d48000,0x0000700003e48000)]
  0x00007f90c2860000 JavaThread "Service Thread" daemon [_thread_blocked, id=14851, stack(0x0000700003b42000,0x0000700003c42000)]
  0x00007f90c2855000 JavaThread "C1 CompilerThread2" daemon [_thread_blocked, id=18435, stack(0x0000700003a3f000,0x0000700003b3f000)]
  0x00007f90c2854800 JavaThread "C2 CompilerThread1" daemon [_thread_blocked, id=14339, stack(0x000070000393c000,0x0000700003a3c000)]
  0x00007f90c284c000 JavaThread "C2 CompilerThread0" daemon [_thread_blocked, id=18691, stack(0x0000700003839000,0x0000700003939000)]
  0x00007f90c303a000 JavaThread "Signal Dispatcher" daemon [_thread_blocked, id=13579, stack(0x0000700003736000,0x0000700003836000)]
  0x00007f90c2846000 JavaThread "Finalizer" daemon [_thread_blocked, id=12291, stack(0x0000700003633000,0x0000700003733000)]
  0x00007f90c3008800 JavaThread "Reference Handler" daemon [_thread_blocked, id=11779, stack(0x0000700003530000,0x0000700003630000)]

Other Threads:
  0x00007f90c2840000 VMThread [stack: 0x000070000342d000,0x000070000352d000] [id=20995]
  0x00007f90c2860800 WatcherThread [stack: 0x0000700003c45000,0x0000700003d45000] [id=15363]

VM state:not at safepoint (normal execution)

VM Mutex/Monitor currently owned by a thread: None

Heap:
 PSYoungGen      total 201216K, used 174256K [0x000000076ab00000, 0x0000000778300000, 0x00000007c0000000)
  eden space 193024K, 86% used [0x000000076ab00000,0x0000000774d68c18,0x0000000776780000)
  from space 8192K, 97% used [0x0000000777b00000,0x00000007782c36c0,0x0000000778300000)
  to   space 10752K, 0% used [0x0000000776e00000,0x0000000776e00000,0x0000000777880000)
 ParOldGen       total 103424K, used 9703K [0x00000006c0000000, 0x00000006c6500000, 0x000000076ab00000)
  object space 103424K, 9% used [0x00000006c0000000,0x00000006c0979df8,0x00000006c6500000)
 Metaspace       used 34084K, capacity 34502K, committed 34816K, reserved 1079296K
  class space    used 4395K, capacity 4540K, committed 4608K, reserved 1048576K

Card table byte_map: [0x000000010f35d000,0x000000010fb5e000] byte_map_base: 0x000000010bd5d000

Marking Bits: (ParMarkBitMap*) 0x000000010e8edd20
 Begin Bits: [0x00000001100b4000, 0x00000001140b4000)
 End Bits:   [0x00000001140b4000, 0x00000001180b4000)

Polling page: 0x000000010d656000

CodeCache: size=245760Kb used=9071Kb max_used=9081Kb free=236688Kb
 bounds [0x0000000118cef000, 0x00000001195ef000, 0x0000000127cef000]
 total_blobs=3453 nmethods=2942 adapters=423
 compilation: enabled

Compilation events (10 events):
Event: 362.128 Thread 0x00007f90c284c000 3457       4       java.util.TimSort::sort (229 bytes)
Event: 362.143 Thread 0x00007f90c284c000 nmethod 3457 0x0000000119555510 code [0x00000001195556a0, 0x00000001195561b8]
Event: 368.129 Thread 0x00007f90c2854800 3458       4       java.util.Arrays::sort (37 bytes)
Event: 368.141 Thread 0x00007f90c2854800 nmethod 3458 0x0000000119473dd0 code [0x0000000119473f60, 0x0000000119474a18]
Event: 371.128 Thread 0x00007f90c284c000 3459       4       com.codahale.metrics.graphite.GraphiteReporter::reportTimer (196 bytes)
Event: 371.129 Thread 0x00007f90c2854800 3460   !   4       com.codahale.metrics.ExponentiallyDecayingReservoir::getSnapshot (36 bytes)
Event: 371.195 Thread 0x00007f90c2854800 nmethod 3460 0x0000000119509450 code [0x0000000119509720, 0x000000011950b8d8]
Event: 371.418 Thread 0x00007f90c284c000 nmethod 3459 0x00000001195d7690 code [0x00000001195d8000, 0x00000001195dea48]
Event: 372.127 Thread 0x00007f90c2855000 3461       3       java.net.InetAddress::getAllByName (387 bytes)
Event: 372.132 Thread 0x00007f90c2855000 nmethod 3461 0x0000000119576510 code [0x0000000119576b60, 0x000000011957b238]

GC Heap History (10 events):
Event: 1.209 GC heap before
{Heap before GC invocations=1 (full 0):
 PSYoungGen      total 76288K, used 65536K [0x000000076ab00000, 0x0000000770000000, 0x00000007c0000000)
  eden space 65536K, 100% used [0x000000076ab00000,0x000000076eb00000,0x000000076eb00000)
  from space 10752K, 0% used [0x000000076f580000,0x000000076f580000,0x0000000770000000)
  to   space 10752K, 0% used [0x000000076eb00000,0x000000076eb00000,0x000000076f580000)
 ParOldGen       total 175104K, used 0K [0x00000006c0000000, 0x00000006cab00000, 0x000000076ab00000)
  object space 175104K, 0% used [0x00000006c0000000,0x00000006c0000000,0x00000006cab00000)
 Metaspace       used 19461K, capacity 19696K, committed 19968K, reserved 1067008K
  class space    used 2451K, capacity 2549K, committed 2560K, reserved 1048576K
Event: 1.225 GC heap after
Heap after GC invocations=1 (full 0):
 PSYoungGen      total 76288K, used 10720K [0x000000076ab00000, 0x0000000774000000, 0x00000007c0000000)
  eden space 65536K, 0% used [0x000000076ab00000,0x000000076ab00000,0x000000076eb00000)
  from space 10752K, 99% used [0x000000076eb00000,0x000000076f578390,0x000000076f580000)
  to   space 10752K, 0% used [0x0000000773580000,0x0000000773580000,0x0000000774000000)
 ParOldGen       total 175104K, used 4900K [0x00000006c0000000, 0x00000006cab00000, 0x000000076ab00000)
  object space 175104K, 2% used [0x00000006c0000000,0x00000006c04c9370,0x00000006cab00000)
 Metaspace       used 19461K, capacity 19696K, committed 19968K, reserved 1067008K
  class space    used 2451K, capacity 2549K, committed 2560K, reserved 1048576K
}
Event: 1.324 GC heap before
{Heap before GC invocations=2 (full 0):
 PSYoungGen      total 76288K, used 19886K [0x000000076ab00000, 0x0000000774000000, 0x00000007c0000000)
  eden space 65536K, 13% used [0x000000076ab00000,0x000000076b3f3478,0x000000076eb00000)
  from space 10752K, 99% used [0x000000076eb00000,0x000000076f578390,0x000000076f580000)
  to   space 10752K, 0% used [0x0000000773580000,0x0000000773580000,0x0000000774000000)
 ParOldGen       total 175104K, used 4900K [0x00000006c0000000, 0x00000006cab00000, 0x000000076ab00000)
  object space 175104K, 2% used [0x00000006c0000000,0x00000006c04c9370,0x00000006cab00000)
 Metaspace       used 20857K, capacity 21122K, committed 21248K, reserved 1067008K
  class space    used 2650K, capacity 2746K, committed 2816K, reserved 1048576K
Event: 1.334 GC heap after
Heap after GC invocations=2 (full 0):
 PSYoungGen      total 141824K, used 6943K [0x000000076ab00000, 0x0000000774000000, 0x00000007c0000000)
  eden space 131072K, 0% used [0x000000076ab00000,0x000000076ab00000,0x0000000772b00000)
  from space 10752K, 64% used [0x0000000773580000,0x0000000773c47e98,0x0000000774000000)
  to   space 10752K, 0% used [0x0000000772b00000,0x0000000772b00000,0x0000000773580000)
 ParOldGen       total 175104K, used 4908K [0x00000006c0000000, 0x00000006cab00000, 0x000000076ab00000)
  object space 175104K, 2% used [0x00000006c0000000,0x00000006c04cb370,0x00000006cab00000)
 Metaspace       used 20857K, capacity 21122K, committed 21248K, reserved 1067008K
  class space    used 2650K, capacity 2746K, committed 2816K, reserved 1048576K
}
Event: 1.334 GC heap before
{Heap before GC invocations=3 (full 1):
 PSYoungGen      total 141824K, used 6943K [0x000000076ab00000, 0x0000000774000000, 0x00000007c0000000)
  eden space 131072K, 0% used [0x000000076ab00000,0x000000076ab00000,0x0000000772b00000)
  from space 10752K, 64% used [0x0000000773580000,0x0000000773c47e98,0x0000000774000000)
  to   space 10752K, 0% used [0x0000000772b00000,0x0000000772b00000,0x0000000773580000)
 ParOldGen       total 175104K, used 4908K [0x00000006c0000000, 0x00000006cab00000, 0x000000076ab00000)
  object space 175104K, 2% used [0x00000006c0000000,0x00000006c04cb370,0x00000006cab00000)
 Metaspace       used 20857K, capacity 21122K, committed 21248K, reserved 1067008K
  class space    used 2650K, capacity 2746K, committed 2816K, reserved 1048576K
Event: 1.372 GC heap after
Heap after GC invocations=3 (full 1):
 PSYoungGen      total 141824K, used 0K [0x000000076ab00000, 0x0000000774000000, 0x00000007c0000000)
  eden space 131072K, 0% used [0x000000076ab00000,0x000000076ab00000,0x0000000772b00000)
  from space 10752K, 0% used [0x0000000773580000,0x0000000773580000,0x0000000774000000)
  to   space 10752K, 0% used [0x0000000772b00000,0x0000000772b00000,0x0000000773580000)
 ParOldGen       total 103424K, used 7292K [0x00000006c0000000, 0x00000006c6500000, 0x000000076ab00000)
  object space 103424K, 7% used [0x00000006c0000000,0x00000006c071f260,0x00000006c6500000)
 Metaspace       used 20857K, capacity 21122K, committed 21248K, reserved 1067008K
  class space    used 2650K, capacity 2746K, committed 2816K, reserved 1048576K
}
Event: 50.127 GC heap before
{Heap before GC invocations=4 (full 1):
 PSYoungGen      total 141824K, used 131072K [0x000000076ab00000, 0x0000000774000000, 0x00000007c0000000)
  eden space 131072K, 100% used [0x000000076ab00000,0x0000000772b00000,0x0000000772b00000)
  from space 10752K, 0% used [0x0000000773580000,0x0000000773580000,0x0000000774000000)
  to   space 10752K, 0% used [0x0000000772b00000,0x0000000772b00000,0x0000000773580000)
 ParOldGen       total 103424K, used 7292K [0x00000006c0000000, 0x00000006c6500000, 0x000000076ab00000)
  object space 103424K, 7% used [0x00000006c0000000,0x00000006c071f260,0x00000006c6500000)
 Metaspace       used 31913K, capacity 32340K, committed 32768K, reserved 1077248K
  class space    used 4136K, capacity 4247K, committed 4352K, reserved 1048576K
Event: 50.144 GC heap after
Heap after GC invocations=4 (full 1):
 PSYoungGen      total 141824K, used 10748K [0x000000076ab00000, 0x0000000778580000, 0x00000007c0000000)
  eden space 131072K, 0% used [0x000000076ab00000,0x000000076ab00000,0x0000000772b00000)
  from space 10752K, 99% used [0x0000000772b00000,0x000000077357f0d0,0x0000000773580000)
  to   space 10752K, 0% used [0x0000000777b00000,0x0000000777b00000,0x0000000778580000)
 ParOldGen       total 103424K, used 9695K [0x00000006c0000000, 0x00000006c6500000, 0x000000076ab00000)
  object space 103424K, 9% used [0x00000006c0000000,0x00000006c0977df8,0x00000006c6500000)
 Metaspace       used 31913K, capacity 32340K, committed 32768K, reserved 1077248K
  class space    used 4136K, capacity 4247K, committed 4352K, reserved 1048576K
}
Event: 190.837 GC heap before
{Heap before GC invocations=5 (full 1):
 PSYoungGen      total 141824K, used 141820K [0x000000076ab00000, 0x0000000778580000, 0x00000007c0000000)
  eden space 131072K, 100% used [0x000000076ab00000,0x0000000772b00000,0x0000000772b00000)
  from space 10752K, 99% used [0x0000000772b00000,0x000000077357f0d0,0x0000000773580000)
  to   space 10752K, 0% used [0x0000000777b00000,0x0000000777b00000,0x0000000778580000)
 ParOldGen       total 103424K, used 9695K [0x00000006c0000000, 0x00000006c6500000, 0x000000076ab00000)
  object space 103424K, 9% used [0x00000006c0000000,0x00000006c0977df8,0x00000006c6500000)
 Metaspace       used 34009K, capacity 34438K, committed 34816K, reserved 1079296K
  class space    used 4394K, capacity 4540K, committed 4608K, reserved 1048576K
Event: 190.847 GC heap after
Heap after GC invocations=5 (full 1):
 PSYoungGen      total 201216K, used 7949K [0x000000076ab00000, 0x0000000778300000, 0x00000007c0000000)
  eden space 193024K, 0% used [0x000000076ab00000,0x000000076ab00000,0x0000000776780000)
  from space 8192K, 97% used [0x0000000777b00000,0x00000007782c36c0,0x0000000778300000)
  to   space 10752K, 0% used [0x0000000776e00000,0x0000000776e00000,0x0000000777880000)
 ParOldGen       total 103424K, used 9703K [0x00000006c0000000, 0x00000006c6500000, 0x000000076ab00000)
  object space 103424K, 9% used [0x00000006c0000000,0x00000006c0979df8,0x00000006c6500000)
 Metaspace       used 34009K, capacity 34438K, committed 34816K, reserved 1079296K
  class space    used 4394K, capacity 4540K, committed 4608K, reserved 1048576K
}

Deoptimization events (10 events):
Event: 190.850 Thread 0x00007f90c2846000 Uncommon trap: reason=unstable_if action=reinterpret pc=0x0000000119389ae8 method=java.lang.ref.Finalizer.remove()V @ 10
Event: 238.130 Thread 0x00007f90c2ff7000 Uncommon trap: reason=unstable_if action=reinterpret pc=0x0000000119593880 method=sun.misc.FloatingDecimal$BinaryToASCIIBuffer.dtoa(IJIZ)V @ 1213
Event: 258.125 Thread 0x00007f90c2ff7000 Uncommon trap: reason=unstable_if action=reinterpret pc=0x00000001195c787c method=sun.misc.FDBigInteger.multBy10()Lsun/misc/FDBigInteger; @ 94
Event: 363.128 Thread 0x00007f90c2ff7000 Uncommon trap: reason=predicate action=maybe_recompile pc=0x0000000119556158 method=java.util.TimSort.reverseRange([Ljava/lang/Object;II)V @ 8
Event: 369.134 Thread 0x00007f90c2ff7000 Uncommon trap: reason=array_check action=maybe_recompile pc=0x00000001194748a4 method=java.util.TimSort.reverseRange([Ljava/lang/Object;II)V @ 20
Event: 369.135 Thread 0x00007f90c2ff7000 Uncommon trap: reason=array_check action=maybe_recompile pc=0x00000001194748a4 method=java.util.TimSort.reverseRange([Ljava/lang/Object;II)V @ 20
Event: 370.127 Thread 0x00007f90c2ff7000 Uncommon trap: reason=array_check action=maybe_recompile pc=0x00000001194748a4 method=java.util.TimSort.reverseRange([Ljava/lang/Object;II)V @ 20
Event: 370.128 Thread 0x00007f90c2ff7000 Uncommon trap: reason=array_check action=maybe_recompile pc=0x00000001194748a4 method=java.util.TimSort.reverseRange([Ljava/lang/Object;II)V @ 20
Event: 375.999 Thread 0x00007f90c303a000 Uncommon trap: reason=class_check action=maybe_recompile pc=0x0000000118e9db04 method=java.util.Hashtable.get(Ljava/lang/Object;)Ljava/lang/Object; @ 6
Event: 376.000 Thread 0x00007f90c303a000 Uncommon trap: reason=class_check action=maybe_recompile pc=0x0000000118e9db04 method=java.util.Hashtable.get(Ljava/lang/Object;)Ljava/lang/Object; @ 6

Internal exceptions (10 events):
Event: 1.447 Thread 0x00007f90c2a98800 Exception <a 'java/net/ConnectException'> (0x000000076b17b7a0) thrown at [/HUDSON3/workspace/8-2-build-macosx-x86_64/jdk8u101/7261/hotspot/src/share/vm/prims/jni.cpp, line 709]
Event: 2.068 Thread 0x00007f90c4001800 Exception <a 'java/io/FileNotFoundException'> (0x000000076cb254f0) thrown at [/HUDSON3/workspace/8-2-build-macosx-x86_64/jdk8u101/7261/hotspot/src/share/vm/prims/jni.cpp, line 709]
Event: 2.070 Thread 0x00007f90c4001800 Exception <a 'java/io/FileNotFoundException'> (0x000000076cb36f20) thrown at [/HUDSON3/workspace/8-2-build-macosx-x86_64/jdk8u101/7261/hotspot/src/share/vm/prims/jni.cpp, line 709]
Event: 61.439 Thread 0x00007f90c2a98800 Exception <a 'java/net/ConnectException'> (0x000000076b4f6188) thrown at [/HUDSON3/workspace/8-2-build-macosx-x86_64/jdk8u101/7261/hotspot/src/share/vm/prims/jni.cpp, line 709]
Event: 121.439 Thread 0x00007f90c2a98800 Exception <a 'java/net/ConnectException'> (0x000000076b4f7b50) thrown at [/HUDSON3/workspace/8-2-build-macosx-x86_64/jdk8u101/7261/hotspot/src/share/vm/prims/jni.cpp, line 709]
Event: 181.445 Thread 0x00007f90c2a98800 Exception <a 'java/net/ConnectException'> (0x000000076b4f9518) thrown at [/HUDSON3/workspace/8-2-build-macosx-x86_64/jdk8u101/7261/hotspot/src/share/vm/prims/jni.cpp, line 709]
Event: 241.449 Thread 0x00007f90c2a98800 Exception <a 'java/net/ConnectException'> (0x000000076d7c9978) thrown at [/HUDSON3/workspace/8-2-build-macosx-x86_64/jdk8u101/7261/hotspot/src/share/vm/prims/jni.cpp, line 709]
Event: 301.452 Thread 0x00007f90c2a98800 Exception <a 'java/net/ConnectException'> (0x000000076d7cb340) thrown at [/HUDSON3/workspace/8-2-build-macosx-x86_64/jdk8u101/7261/hotspot/src/share/vm/prims/jni.cpp, line 709]
Event: 361.455 Thread 0x00007f90c2a98800 Exception <a 'java/net/ConnectException'> (0x000000076d7ccd08) thrown at [/HUDSON3/workspace/8-2-build-macosx-x86_64/jdk8u101/7261/hotspot/src/share/vm/prims/jni.cpp, line 709]
Event: 376.001 Thread 0x00007f90c2c72000 Exception <a 'java/io/IOException'> (0x0000000774d003d0) thrown at [/HUDSON3/workspace/8-2-build-macosx-x86_64/jdk8u101/7261/hotspot/src/share/vm/prims/jni.cpp, line 709]

Events (10 events):
Event: 376.000 loading class sun/misc/Signal$1
Event: 376.001 loading class sun/misc/Signal$1 done
Event: 376.001 Thread 0x00007f90c55a3000 Thread added: 0x00007f90c55a3000
Event: 376.001 Thread 0x00007f90c6187800 Thread added: 0x00007f90c6187800
Event: 376.001 Thread 0x00007f90c624a800 Thread added: 0x00007f90c624a800
Event: 376.001 loading class java/nio/channels/AsynchronousCloseException
Event: 376.002 Thread 0x00007f90c624a800 Thread exited: 0x00007f90c624a800
Event: 376.002 loading class java/nio/channels/AsynchronousCloseException done
Event: 376.003 loading class org/eclipse/jetty/util/FutureCallback
Event: 376.003 loading class org/eclipse/jetty/util/FutureCallback done


Dynamic libraries:
0x000000001b52f000 	/System/Library/Frameworks/Cocoa.framework/Versions/A/Cocoa
0x000000001b52f000 	/System/Library/Frameworks/Security.framework/Versions/A/Security
0x000000001b52f000 	/System/Library/Frameworks/ApplicationServices.framework/Versions/A/ApplicationServices
0x000000001b52f000 	/usr/lib/libz.1.dylib
0x000000001b52f000 	/usr/lib/libSystem.B.dylib
0x000000001b52f000 	/usr/lib/libobjc.A.dylib
0x000000001b52f000 	/System/Library/Frameworks/CoreFoundation.framework/Versions/A/CoreFoundation
0x000000001b52f000 	/System/Library/Frameworks/Foundation.framework/Versions/C/Foundation
0x000000001b52f000 	/System/Library/Frameworks/AppKit.framework/Versions/C/AppKit
0x000000001b52f000 	/System/Library/Frameworks/CoreData.framework/Versions/A/CoreData
0x000000001b52f000 	/System/Library/PrivateFrameworks/RemoteViewServices.framework/Versions/A/RemoteViewServices
0x000000001b52f000 	/System/Library/PrivateFrameworks/UIFoundation.framework/Versions/A/UIFoundation
0x000000001b52f000 	/System/Library/PrivateFrameworks/DFRFoundation.framework/Versions/A/DFRFoundation
0x000000001b52f000 	/System/Library/Frameworks/Metal.framework/Versions/A/Metal
0x000000001b52f000 	/System/Library/PrivateFrameworks/DesktopServicesPriv.framework/Versions/A/DesktopServicesPriv
0x000000001b52f000 	/usr/lib/libenergytrace.dylib
0x000000001b52f000 	/System/Library/PrivateFrameworks/SkyLight.framework/Versions/A/SkyLight
0x000000001b52f000 	/System/Library/Frameworks/CoreGraphics.framework/Versions/A/CoreGraphics
0x000000001b52f000 	/usr/lib/libScreenReader.dylib
0x000000001b52f000 	/System/Library/Frameworks/Accelerate.framework/Versions/A/Accelerate
0x000000001b52f000 	/System/Library/Frameworks/IOSurface.framework/Versions/A/IOSurface
0x000000001b52f000 	/System/Library/Frameworks/AudioToolbox.framework/Versions/A/AudioToolbox
0x000000001b52f000 	/System/Library/Frameworks/AudioUnit.framework/Versions/A/AudioUnit
0x000000001b52f000 	/System/Library/PrivateFrameworks/DataDetectorsCore.framework/Versions/A/DataDetectorsCore
0x000000001b52f000 	/System/Library/Frameworks/Carbon.framework/Versions/A/Frameworks/HIToolbox.framework/Versions/A/HIToolbox
0x000000001b52f000 	/usr/lib/libicucore.A.dylib
0x000000001b52f000 	/System/Library/Frameworks/QuartzCore.framework/Versions/A/QuartzCore
0x000000001b52f000 	/System/Library/Frameworks/Carbon.framework/Versions/A/Frameworks/SpeechRecognition.framework/Versions/A/SpeechRecognition
0x000000001b52f000 	/usr/lib/libauto.dylib
0x000000001b52f000 	/usr/lib/libxml2.2.dylib
0x000000001b52f000 	/System/Library/PrivateFrameworks/CoreUI.framework/Versions/A/CoreUI
0x000000001b52f000 	/System/Library/Frameworks/CoreAudio.framework/Versions/A/CoreAudio
0x000000001b52f000 	/System/Library/Frameworks/DiskArbitration.framework/Versions/A/DiskArbitration
0x000000001b52f000 	/usr/lib/liblangid.dylib
0x000000001b52f000 	/System/Library/PrivateFrameworks/MultitouchSupport.framework/Versions/A/MultitouchSupport
0x000000001b52f000 	/System/Library/Frameworks/IOKit.framework/Versions/A/IOKit
0x000000001b52f000 	/usr/lib/libDiagnosticMessagesClient.dylib
0x000000001b52f000 	/System/Library/Frameworks/CoreServices.framework/Versions/A/CoreServices
0x000000001b52f000 	/System/Library/PrivateFrameworks/PerformanceAnalysis.framework/Versions/A/PerformanceAnalysis
0x000000001b52f000 	/System/Library/Frameworks/OpenGL.framework/Versions/A/OpenGL
0x000000001b52f000 	/System/Library/Frameworks/ColorSync.framework/Versions/A/ColorSync
0x000000001b52f000 	/System/Library/Frameworks/CoreImage.framework/Versions/A/CoreImage
0x000000001b52f000 	/System/Library/Frameworks/CoreText.framework/Versions/A/CoreText
0x000000001b52f000 	/System/Library/Frameworks/ImageIO.framework/Versions/A/ImageIO
0x000000001b52f000 	/System/Library/PrivateFrameworks/Backup.framework/Versions/A/Backup
0x000000001b52f000 	/usr/lib/libarchive.2.dylib
0x000000001b52f000 	/System/Library/Frameworks/CFNetwork.framework/Versions/A/CFNetwork
0x000000001b52f000 	/System/Library/Frameworks/SystemConfiguration.framework/Versions/A/SystemConfiguration
0x000000001b52f000 	/usr/lib/libCRFSuite.dylib
0x000000001b52f000 	/usr/lib/libc++.1.dylib
0x000000001b52f000 	/usr/lib/libc++abi.dylib
0x000000001b52f000 	/usr/lib/system/libcache.dylib
0x000000001b52f000 	/usr/lib/system/libcommonCrypto.dylib
0x000000001b52f000 	/usr/lib/system/libcompiler_rt.dylib
0x000000001b52f000 	/usr/lib/system/libcopyfile.dylib
0x000000001b52f000 	/usr/lib/system/libcorecrypto.dylib
0x000000001b52f000 	/usr/lib/system/libdispatch.dylib
0x000000001b52f000 	/usr/lib/system/libdyld.dylib
0x000000001b52f000 	/usr/lib/system/libkeymgr.dylib
0x000000001b52f000 	/usr/lib/system/liblaunch.dylib
0x000000001b52f000 	/usr/lib/system/libmacho.dylib
0x000000001b52f000 	/usr/lib/system/libquarantine.dylib
0x000000001b52f000 	/usr/lib/system/libremovefile.dylib
0x000000001b52f000 	/usr/lib/system/libsystem_asl.dylib
0x000000001b52f000 	/usr/lib/system/libsystem_blocks.dylib
0x000000001b52f000 	/usr/lib/system/libsystem_c.dylib
0x000000001b52f000 	/usr/lib/system/libsystem_configuration.dylib
0x000000001b52f000 	/usr/lib/system/libsystem_coreservices.dylib
0x000000001b52f000 	/usr/lib/system/libsystem_darwin.dylib
0x000000001b52f000 	/usr/lib/system/libsystem_dnssd.dylib
0x000000001b52f000 	/usr/lib/system/libsystem_info.dylib
0x000000001b52f000 	/usr/lib/system/libsystem_m.dylib
0x000000001b52f000 	/usr/lib/system/libsystem_malloc.dylib
0x000000001b52f000 	/usr/lib/system/libsystem_network.dylib
0x000000001b52f000 	/usr/lib/system/libsystem_networkextension.dylib
0x000000001b52f000 	/usr/lib/system/libsystem_notify.dylib
0x000000001b52f000 	/usr/lib/system/libsystem_sandbox.dylib
0x000000001b52f000 	/usr/lib/system/libsystem_secinit.dylib
0x000000001b52f000 	/usr/lib/system/libsystem_kernel.dylib
0x000000001b52f000 	/usr/lib/system/libsystem_platform.dylib
0x000000001b52f000 	/usr/lib/system/libsystem_pthread.dylib
0x000000001b52f000 	/usr/lib/system/libsystem_symptoms.dylib
0x000000001b52f000 	/usr/lib/system/libsystem_trace.dylib
0x000000001b52f000 	/usr/lib/system/libunwind.dylib
0x000000001b52f000 	/usr/lib/system/libxpc.dylib
0x000000001b52f000 	/usr/lib/closure/libclosured.dylib
0x000000001b52f000 	/usr/lib/libbsm.0.dylib
0x000000001b52f000 	/usr/lib/system/libkxld.dylib
0x000000001b52f000 	/usr/lib/libOpenScriptingUtil.dylib
0x000000001b52f000 	/usr/lib/libcoretls.dylib
0x000000001b52f000 	/usr/lib/libcoretls_cfhelpers.dylib
0x000000001b52f000 	/usr/lib/libpam.2.dylib
0x000000001b52f000 	/usr/lib/libsqlite3.dylib
0x000000001b52f000 	/usr/lib/libxar.1.dylib
0x000000001b52f000 	/usr/lib/libbz2.1.0.dylib
0x000000001b52f000 	/usr/lib/liblzma.5.dylib
0x000000001b52f000 	/usr/lib/libnetwork.dylib
0x000000001b52f000 	/usr/lib/libapple_nghttp2.dylib
0x000000001b52f000 	/usr/lib/libpcap.A.dylib
0x000000001b52f000 	/usr/lib/libboringssl.dylib
0x000000001b52f000 	/usr/lib/libusrtcp.dylib
0x000000001b52f000 	/usr/lib/libapple_crypto.dylib
0x000000001b52f000 	/System/Library/Frameworks/CoreServices.framework/Versions/A/Frameworks/FSEvents.framework/Versions/A/FSEvents
0x000000001b52f000 	/System/Library/Frameworks/CoreServices.framework/Versions/A/Frameworks/CarbonCore.framework/Versions/A/CarbonCore
0x000000001b52f000 	/System/Library/Frameworks/CoreServices.framework/Versions/A/Frameworks/Metadata.framework/Versions/A/Metadata
0x000000001b52f000 	/System/Library/Frameworks/CoreServices.framework/Versions/A/Frameworks/OSServices.framework/Versions/A/OSServices
0x000000001b52f000 	/System/Library/Frameworks/CoreServices.framework/Versions/A/Frameworks/SearchKit.framework/Versions/A/SearchKit
0x000000001b52f000 	/System/Library/Frameworks/CoreServices.framework/Versions/A/Frameworks/AE.framework/Versions/A/AE
0x000000001b52f000 	/System/Library/Frameworks/CoreServices.framework/Versions/A/Frameworks/LaunchServices.framework/Versions/A/LaunchServices
0x000000001b52f000 	/System/Library/Frameworks/CoreServices.framework/Versions/A/Frameworks/DictionaryServices.framework/Versions/A/DictionaryServices
0x000000001b52f000 	/System/Library/Frameworks/CoreServices.framework/Versions/A/Frameworks/SharedFileList.framework/Versions/A/SharedFileList
0x000000001b52f000 	/System/Library/Frameworks/NetFS.framework/Versions/A/NetFS
0x000000001b52f000 	/System/Library/PrivateFrameworks/NetAuth.framework/Versions/A/NetAuth
0x000000001b52f000 	/System/Library/PrivateFrameworks/login.framework/Versions/A/Frameworks/loginsupport.framework/Versions/A/loginsupport
0x000000001b52f000 	/System/Library/PrivateFrameworks/TCC.framework/Versions/A/TCC
0x000000001b52f000 	/usr/lib/libmecabra.dylib
0x000000001b52f000 	/System/Library/Frameworks/ApplicationServices.framework/Versions/A/Frameworks/ATS.framework/Versions/A/ATS
0x000000001b52f000 	/System/Library/Frameworks/ApplicationServices.framework/Versions/A/Frameworks/ColorSyncLegacy.framework/Versions/A/ColorSyncLegacy
0x000000001b52f000 	/System/Library/Frameworks/ApplicationServices.framework/Versions/A/Frameworks/HIServices.framework/Versions/A/HIServices
0x000000001b52f000 	/System/Library/Frameworks/ApplicationServices.framework/Versions/A/Frameworks/LangAnalysis.framework/Versions/A/LangAnalysis
0x000000001b52f000 	/System/Library/Frameworks/ApplicationServices.framework/Versions/A/Frameworks/PrintCore.framework/Versions/A/PrintCore
0x000000001b52f000 	/System/Library/Frameworks/ApplicationServices.framework/Versions/A/Frameworks/QD.framework/Versions/A/QD
0x000000001b52f000 	/System/Library/Frameworks/ApplicationServices.framework/Versions/A/Frameworks/SpeechSynthesis.framework/Versions/A/SpeechSynthesis
0x000000001b52f000 	/System/Library/Frameworks/CoreDisplay.framework/Versions/A/CoreDisplay
0x000000001b52f000 	/System/Library/Frameworks/Accelerate.framework/Versions/A/Frameworks/vImage.framework/Versions/A/vImage
0x000000001b52f000 	/System/Library/Frameworks/Accelerate.framework/Versions/A/Frameworks/vecLib.framework/Versions/A/vecLib
0x000000001b52f000 	/System/Library/Frameworks/Accelerate.framework/Versions/A/Frameworks/vecLib.framework/Versions/A/libvDSP.dylib
0x000000001b52f000 	/System/Library/Frameworks/Accelerate.framework/Versions/A/Frameworks/vecLib.framework/Versions/A/libBNNS.dylib
0x000000001b52f000 	/System/Library/Frameworks/Accelerate.framework/Versions/A/Frameworks/vecLib.framework/Versions/A/libQuadrature.dylib
0x000000001b52f000 	/System/Library/Frameworks/Accelerate.framework/Versions/A/Frameworks/vecLib.framework/Versions/A/libvMisc.dylib
0x000000001b52f000 	/System/Library/Frameworks/Accelerate.framework/Versions/A/Frameworks/vecLib.framework/Versions/A/libLAPACK.dylib
0x000000001b52f000 	/System/Library/Frameworks/Accelerate.framework/Versions/A/Frameworks/vecLib.framework/Versions/A/libBLAS.dylib
0x000000001b52f000 	/System/Library/Frameworks/Accelerate.framework/Versions/A/Frameworks/vecLib.framework/Versions/A/libLinearAlgebra.dylib
0x000000001b52f000 	/System/Library/Frameworks/Accelerate.framework/Versions/A/Frameworks/vecLib.framework/Versions/A/libSparse.dylib
0x000000001b52f000 	/System/Library/Frameworks/Accelerate.framework/Versions/A/Frameworks/vecLib.framework/Versions/A/libSparseBLAS.dylib
0x000000001b52f000 	/System/Library/PrivateFrameworks/IOAccelerator.framework/Versions/A/IOAccelerator
0x000000001b52f000 	/System/Library/PrivateFrameworks/IOPresentment.framework/Versions/A/IOPresentment
0x000000001b52f000 	/System/Library/PrivateFrameworks/DSExternalDisplay.framework/Versions/A/DSExternalDisplay
0x000000001b52f000 	/System/Library/Frameworks/OpenGL.framework/Versions/A/Libraries/libCoreFSCache.dylib
0x000000001b52f000 	/System/Library/Frameworks/CoreVideo.framework/Versions/A/CoreVideo
0x000000001b52f000 	/System/Library/PrivateFrameworks/GraphVisualizer.framework/Versions/A/GraphVisualizer
0x000000001b52f000 	/System/Library/Frameworks/MetalPerformanceShaders.framework/Versions/A/MetalPerformanceShaders
0x000000001b52f000 	/usr/lib/libFosl_dynamic.dylib
0x000000001b52f000 	/System/Library/PrivateFrameworks/FaceCore.framework/Versions/A/FaceCore
0x000000001b52f000 	/System/Library/Frameworks/OpenCL.framework/Versions/A/OpenCL
0x000000001b52f000 	/usr/lib/libcompression.dylib
0x000000001b52f000 	/System/Library/Frameworks/ApplicationServices.framework/Versions/A/Frameworks/ATS.framework/Versions/A/Resources/libFontParser.dylib
0x000000001b52f000 	/System/Library/Frameworks/ApplicationServices.framework/Versions/A/Frameworks/ATS.framework/Versions/A/Resources/libFontRegistry.dylib
0x000000001b52f000 	/System/Library/Frameworks/ImageIO.framework/Versions/A/Resources/libJPEG.dylib
0x000000001b52f000 	/System/Library/Frameworks/ImageIO.framework/Versions/A/Resources/libTIFF.dylib
0x000000001b52f000 	/System/Library/Frameworks/ImageIO.framework/Versions/A/Resources/libPng.dylib
0x000000001b52f000 	/System/Library/Frameworks/ImageIO.framework/Versions/A/Resources/libGIF.dylib
0x000000001b52f000 	/System/Library/Frameworks/ImageIO.framework/Versions/A/Resources/libJP2.dylib
0x000000001b52f000 	/System/Library/Frameworks/ImageIO.framework/Versions/A/Resources/libRadiance.dylib
0x000000001b52f000 	/System/Library/PrivateFrameworks/AppleJPEG.framework/Versions/A/AppleJPEG
0x000000001b52f000 	/System/Library/PrivateFrameworks/MetalTools.framework/Versions/A/MetalTools
0x000000001b52f000 	/System/Library/Frameworks/MetalPerformanceShaders.framework/Frameworks/MPSCore.framework/Versions/A/MPSCore
0x000000001b52f000 	/System/Library/Frameworks/MetalPerformanceShaders.framework/Frameworks/MPSImage.framework/Versions/A/MPSImage
0x000000001b52f000 	/System/Library/Frameworks/MetalPerformanceShaders.framework/Frameworks/MPSMatrix.framework/Versions/A/MPSMatrix
0x000000001b52f000 	/System/Library/Frameworks/MetalPerformanceShaders.framework/Frameworks/MPSNeuralNetwork.framework/Versions/A/MPSNeuralNetwork
0x000000001b52f000 	/System/Library/Frameworks/OpenGL.framework/Versions/A/Libraries/libGLU.dylib
0x000000001b52f000 	/System/Library/Frameworks/OpenGL.framework/Versions/A/Libraries/libGFXShared.dylib
0x000000001b52f000 	/System/Library/Frameworks/OpenGL.framework/Versions/A/Libraries/libGL.dylib
0x000000001b52f000 	/System/Library/Frameworks/OpenGL.framework/Versions/A/Libraries/libGLImage.dylib
0x000000001b52f000 	/System/Library/Frameworks/OpenGL.framework/Versions/A/Libraries/libCVMSPluginSupport.dylib
0x000000001b52f000 	/System/Library/Frameworks/OpenGL.framework/Versions/A/Libraries/libCoreVMClient.dylib
0x000000001b52f000 	/usr/lib/libcups.2.dylib
0x000000001b52f000 	/System/Library/Frameworks/Kerberos.framework/Versions/A/Kerberos
0x000000001b52f000 	/System/Library/Frameworks/GSS.framework/Versions/A/GSS
0x000000001b52f000 	/usr/lib/libresolv.9.dylib
0x000000001b52f000 	/usr/lib/libiconv.2.dylib
0x000000001b52f000 	/System/Library/PrivateFrameworks/Heimdal.framework/Versions/A/Heimdal
0x000000001b52f000 	/usr/lib/libheimdal-asn1.dylib
0x000000001b52f000 	/System/Library/Frameworks/OpenDirectory.framework/Versions/A/OpenDirectory
0x000000001b52f000 	/System/Library/PrivateFrameworks/CommonAuth.framework/Versions/A/CommonAuth
0x000000001b52f000 	/System/Library/Frameworks/OpenDirectory.framework/Versions/A/Frameworks/CFOpenDirectory.framework/Versions/A/CFOpenDirectory
0x000000001b52f000 	/System/Library/Frameworks/SecurityFoundation.framework/Versions/A/SecurityFoundation
0x000000001b52f000 	/System/Library/PrivateFrameworks/APFS.framework/Versions/A/APFS
0x000000001b52f000 	/usr/lib/libutil.dylib
0x000000001b52f000 	/System/Library/PrivateFrameworks/AppleSauce.framework/Versions/A/AppleSauce
0x000000001b52f000 	/System/Library/PrivateFrameworks/LinguisticData.framework/Versions/A/LinguisticData
0x000000001b52f000 	/usr/lib/libmarisa.dylib
0x000000001b52f000 	/System/Library/PrivateFrameworks/Lexicon.framework/Versions/A/Lexicon
0x000000001b52f000 	/usr/lib/libChineseTokenizer.dylib
0x000000001b52f000 	/usr/lib/libcmph.dylib
0x000000001b52f000 	/System/Library/PrivateFrameworks/LanguageModeling.framework/Versions/A/LanguageModeling
0x000000001b52f000 	/System/Library/PrivateFrameworks/CoreEmoji.framework/Versions/A/CoreEmoji
0x000000001b52f000 	/System/Library/Frameworks/ServiceManagement.framework/Versions/A/ServiceManagement
0x000000001b52f000 	/System/Library/PrivateFrameworks/BackgroundTaskManagement.framework/Versions/A/BackgroundTaskManagement
0x000000001b52f000 	/usr/lib/libxslt.1.dylib
0x000000001b52f000 	/System/Library/Frameworks/Carbon.framework/Versions/A/Frameworks/Ink.framework/Versions/A/Ink
0x000000001b52f000 	/System/Library/PrivateFrameworks/TextureIO.framework/Versions/A/TextureIO
0x000000001b52f000 	/usr/lib/libate.dylib
0x000000001b52f000 	/System/Library/PrivateFrameworks/CrashReporterSupport.framework/Versions/A/CrashReporterSupport
0x000000001b52f000 	/System/Library/PrivateFrameworks/Sharing.framework/Versions/A/Sharing
0x000000001b52f000 	/System/Library/PrivateFrameworks/IconServices.framework/Versions/A/IconServices
0x000000001b52f000 	/System/Library/PrivateFrameworks/ProtocolBuffer.framework/Versions/A/ProtocolBuffer
0x000000001b52f000 	/System/Library/PrivateFrameworks/Apple80211.framework/Versions/A/Apple80211
0x000000001b52f000 	/System/Library/Frameworks/CoreWLAN.framework/Versions/A/CoreWLAN
0x000000001b52f000 	/System/Library/PrivateFrameworks/CoreUtils.framework/Versions/A/CoreUtils
0x000000001b52f000 	/System/Library/Frameworks/IOBluetooth.framework/Versions/A/IOBluetooth
0x000000001b52f000 	/System/Library/PrivateFrameworks/CoreWiFi.framework/Versions/A/CoreWiFi
0x000000001b52f000 	/System/Library/Frameworks/CoreBluetooth.framework/Versions/A/CoreBluetooth
0x000000001b52f000 	/System/Library/PrivateFrameworks/SignpostNotification.framework/Versions/A/SignpostNotification
0x000000001b52f000 	/System/Library/PrivateFrameworks/DebugSymbols.framework/Versions/A/DebugSymbols
0x000000001b52f000 	/System/Library/PrivateFrameworks/CoreSymbolication.framework/Versions/A/CoreSymbolication
0x000000001b52f000 	/System/Library/PrivateFrameworks/Symbolication.framework/Versions/A/Symbolication
0x000000001b52f000 	/System/Library/PrivateFrameworks/AppleFSCompression.framework/Versions/A/AppleFSCompression
0x000000001b52f000 	/System/Library/PrivateFrameworks/SpeechRecognitionCore.framework/Versions/A/SpeechRecognitionCore
0x000000010e000000 	/Library/Java/JavaVirtualMachines/jdk1.8.0_101.jdk/Contents/Home/jre/lib/server/libjvm.dylib
0x000000001b52f000 	/usr/lib/libstdc++.6.0.9.dylib
0x000000010d613000 	/Library/Java/JavaVirtualMachines/jdk1.8.0_101.jdk/Contents/Home/jre/lib/libverify.dylib
0x000000010d621000 	/Library/Java/JavaVirtualMachines/jdk1.8.0_101.jdk/Contents/Home/jre/lib/libjava.dylib
0x000000010d6a0000 	/Library/Java/JavaVirtualMachines/jdk1.8.0_101.jdk/Contents/Home/jre/lib/libzip.dylib
0x000000001b52f000 	/System/Library/Frameworks/JavaVM.framework/Versions/A/Frameworks/JavaRuntimeSupport.framework/Versions/A/JavaRuntimeSupport
0x000000001b52f000 	/System/Library/Frameworks/JavaVM.framework/Versions/A/Frameworks/JavaNativeFoundation.framework/Versions/A/JavaNativeFoundation
0x000000001b52f000 	/System/Library/Frameworks/JavaVM.framework/Versions/A/JavaVM
0x000000001b52f000 	/System/Library/Frameworks/Carbon.framework/Versions/A/Carbon
0x000000001b52f000 	/System/Library/PrivateFrameworks/JavaLaunching.framework/Versions/A/JavaLaunching
0x000000001b52f000 	/System/Library/Frameworks/Carbon.framework/Versions/A/Frameworks/CommonPanels.framework/Versions/A/CommonPanels
0x000000001b52f000 	/System/Library/Frameworks/Carbon.framework/Versions/A/Frameworks/Help.framework/Versions/A/Help
0x000000001b52f000 	/System/Library/Frameworks/Carbon.framework/Versions/A/Frameworks/ImageCapture.framework/Versions/A/ImageCapture
0x000000001b52f000 	/System/Library/Frameworks/Carbon.framework/Versions/A/Frameworks/OpenScripting.framework/Versions/A/OpenScripting
0x000000001b52f000 	/System/Library/Frameworks/Carbon.framework/Versions/A/Frameworks/Print.framework/Versions/A/Print
0x000000001b52f000 	/System/Library/Frameworks/Carbon.framework/Versions/A/Frameworks/SecurityHI.framework/Versions/A/SecurityHI
0x000000012b55b000 	/Library/Java/JavaVirtualMachines/jdk1.8.0_101.jdk/Contents/Home/jre/lib/libmanagement.dylib
0x000000012b769000 	/Library/Java/JavaVirtualMachines/jdk1.8.0_101.jdk/Contents/Home/jre/lib/libnet.dylib
0x000000012b7c8000 	/Library/Java/JavaVirtualMachines/jdk1.8.0_101.jdk/Contents/Home/jre/lib/libnio.dylib

VM Arguments:
java_command: target/noti-1.0.0-SNAPSHOT.jar server ./src/main/java/configuration/configuration.yml
java_class_path (initial): target/noti-1.0.0-SNAPSHOT.jar
Launcher Type: SUN_STANDARD

Environment Variables:
JAVA_HOME=/Library/Java/JavaVirtualMachines/jdk1.8.0_101.jdk/Contents/Home
PATH=/Applications/apache-ant-1.9.7/bin:/Applications/apache-maven-3.5.0/bin:/usr/local/mysql/bin:/usr/local/bin:/usr/bin:/bin:/usr/sbin:/sbin:/opt/X11/bin:/usr/local/git/bin:/Applications/apache-ant-1.9.7/bin:/Applications/apache-maven-3.5.0/bin:/usr/local/mysql/bin
SHELL=/bin/bash
DISPLAY=/private/tmp/com.apple.launchd.efktPUGVfL/org.macosforge.xquartz:0

Signal Handlers:
SIGSEGV: [libjvm.dylib+0x5af145], sa_mask[0]=11111111011111110111111111111111, sa_flags=SA_ONSTACK|SA_RESTART|SA_SIGINFO
SIGBUS: [libjvm.dylib+0x5af145], sa_mask[0]=11111111011111110111111111111111, sa_flags=SA_RESTART|SA_SIGINFO
SIGFPE: [libjvm.dylib+0x48694c], sa_mask[0]=11111111011111110111111111111111, sa_flags=SA_RESTART|SA_SIGINFO
SIGPIPE: [libjvm.dylib+0x48694c], sa_mask[0]=11111111011111110111111111111111, sa_flags=SA_RESTART|SA_SIGINFO
SIGXFSZ: [libjvm.dylib+0x48694c], sa_mask[0]=11111111011111110111111111111111, sa_flags=SA_RESTART|SA_SIGINFO
SIGILL: [libjvm.dylib+0x48694c], sa_mask[0]=11111111011111110111111111111111, sa_flags=SA_RESTART|SA_SIGINFO
SIGUSR1: SIG_DFL, sa_mask[0]=11011111011111100000000111000110, sa_flags=none
SIGUSR2: [libjvm.dylib+0x48646a], sa_mask[0]=00000000000000000000000000000000, sa_flags=SA_RESTART|SA_SIGINFO
SIGHUP: [libjvm.dylib+0x484a41], sa_mask[0]=11111111011111110111111111111111, sa_flags=SA_RESTART|SA_SIGINFO
SIGINT: [libjvm.dylib+0x484a41], sa_mask[0]=11111111011111110111111111111111, sa_flags=SA_RESTART|SA_SIGINFO
SIGTERM: [libjvm.dylib+0x484a41], sa_mask[0]=11111111011111110111111111111111, sa_flags=SA_RESTART|SA_SIGINFO
SIGQUIT: [libjvm.dylib+0x484a41], sa_mask[0]=11111111011111110111111111111111, sa_flags=SA_RESTART|SA_SIGINFO


---------------  S Y S T E M  ---------------

OS:Bsduname:Darwin 17.4.0 Darwin Kernel Version 17.4.0: Sun Dec 17 09:19:54 PST 2017; root:xnu-4570.41.2~1/RELEASE_X86_64 x86_64
rlimit: STACK 8192k, CORE 0k, NPROC 1418, NOFILE 10240, AS infinity
load average:4.10 3.17 2.78

CPU:total 4 (2 cores per cpu, 2 threads per core) family 6 model 69 stepping 1, cmov, cx8, fxsr, mmx, sse, sse2, sse3, ssse3, sse4.1, sse4.2, popcnt, avx, avx2, aes, clmul, erms, lzcnt, ht, tsc, tscinvbit, bmi1, bmi2

Memory: 4k page, physical 16777216k(1965412k free)

/proc/meminfo:


vm_info: Java HotSpot(TM) 64-Bit Server VM (25.101-b13) for bsd-amd64 JRE (1.8.0_101-b13), built on Jun 22 2016 02:42:15 by "java_re" with gcc 4.2.1 (Based on Apple Inc. build 5658) (LLVM build 2336.11.00)

time: Sun Mar 11 19:35:22 2018
elapsed time: 376 seconds (0d 0h 6m 16s)

